<?xml version="1.0" encoding="UTF-8"?>
<!-- Generated by org.testng.reporters.JUnitReportReporter -->
<testsuite hostname="AJSPC" failures="0" tests="4" name="YaminiBarla.tests.ecomersePageObjModel_JsonFile" time="135.642" errors="0" timestamp="2024-08-12T16:20:49 EDT" skipped="0">
  <testcase classname="YaminiBarla.tests.ecomersePageObjModel_JsonFile" name="submitOrder" time="67.081"/>
  <testcase classname="YaminiBarla.tests.ecomersePageObjModel_JsonFile" name="checkOrderHistory" time="9.113"/>
  <testcase classname="YaminiBarla.tests.ecomersePageObjModel_JsonFile" name="submitOrder" time="54.996"/>
  <testcase classname="YaminiBarla.tests.ecomersePageObjModel_JsonFile" name="checkOrderHistory" time="4.452"/>
</testsuite> <!-- YaminiBarla.tests.ecomersePageObjModel_JsonFile -->
