<?xml version="1.0" encoding="UTF-8"?>
<!-- Generated by org.testng.reporters.JUnitReportReporter -->
<testsuite hostname="AJSPC" failures="0" tests="2" name="YaminiBarla.tests.ecomersePageObjModel_HashMap" time="46.881" errors="0" timestamp="2024-08-07T18:36:04 EDT" skipped="0">
  <testcase classname="YaminiBarla.tests.ecomersePageObjModel_HashMap" name="submitOrder" time="22.555"/>
  <testcase classname="YaminiBarla.tests.ecomersePageObjModel_HashMap" name="submitOrder" time="24.326"/>
</testsuite> <!-- YaminiBarla.tests.ecomersePageObjModel_HashMap -->
