<?xml version="1.0" encoding="UTF-8"?>
<!-- Generated by org.testng.reporters.JUnitReportReporter -->
<testsuite hostname="AJSPC" failures="0" tests="1" name="cucumber.TestNgTestRunner" time="8.511" errors="0" timestamp="2024-08-21T18:57:57 EDT" skipped="0">
  <testcase classname="cucumber.TestNgTestRunner" name="runScenario" time="8.511"/>
</testsuite> <!-- cucumber.TestNgTestRunner -->
