<?xml version="1.0" encoding="UTF-8"?>
<!-- Generated by org.testng.reporters.JUnitReportReporter -->
<testsuite hostname="AJSPC" failures="0" tests="2" name="YaminiBarla.tests.ecomersePageObjModel" time="34.089" errors="0" timestamp="2024-08-20T17:42:15 EDT" skipped="0">
  <testcase classname="YaminiBarla.tests.ecomersePageObjModel" name="submitOrder" time="25.864"/>
  <testcase classname="YaminiBarla.tests.ecomersePageObjModel" name="checkOrderHistory" time="8.225"/>
</testsuite> <!-- YaminiBarla.tests.ecomersePageObjModel -->
