<?xml version="1.0" encoding="UTF-8"?>
<!-- Generated by org.testng.reporters.JUnitReportReporter -->
<testsuite hostname="AJSPC" failures="0" tests="2" name="YaminiBarla.tests.ecomersePageObjModel_HashMap" time="42.442" errors="0" timestamp="19 Aug 2024 21:18:50 GMT" skipped="0">
  <testcase classname="YaminiBarla.tests.ecomersePageObjModel_HashMap" name="submitOrder" time="22.936"/>
  <testcase classname="YaminiBarla.tests.ecomersePageObjModel_HashMap" name="submitOrder" time="19.506"/>
</testsuite> <!-- YaminiBarla.tests.ecomersePageObjModel_HashMap -->
