<?xml version="1.0" encoding="UTF-8"?>
<!-- Generated by org.testng.reporters.JUnitReportReporter -->
<testsuite hostname="AJSPC" failures="0" tests="1" name="YaminiBarla.tests.errorValidation" time="12.779" errors="0" timestamp="26 Aug 2024 21:00:23 GMT" skipped="0">
  <testcase classname="YaminiBarla.tests.errorValidation" name="ErrormsgCheck" time="12.779"/>
</testsuite> <!-- YaminiBarla.tests.errorValidation -->
