<?xml version="1.0" encoding="UTF-8"?>
<!-- Generated by org.testng.reporters.JUnitReportReporter -->
<testsuite hostname="AJSPC" failures="0" tests="2" name="YaminiBarla.tests.ecomersePageObjModel" time="31.021" errors="0" timestamp="14 Aug 2024 23:07:29 GMT" skipped="0">
  <testcase classname="YaminiBarla.tests.ecomersePageObjModel" name="checkOrderHistory" time="7.235"/>
  <testcase classname="YaminiBarla.tests.ecomersePageObjModel" name="submitOrder" time="23.786"/>
</testsuite> <!-- YaminiBarla.tests.ecomersePageObjModel -->
