<?xml version="1.0" encoding="UTF-8"?>
<!-- Generated by org.testng.reporters.JUnitReportReporter -->
<testsuite hostname="AJSPC" failures="0" tests="2" name="YaminiBarla.tests.ecomersePageObjModel_DataProvider" time="42.460" errors="0" timestamp="19 Aug 2024 21:18:50 GMT" skipped="0">
  <testcase classname="YaminiBarla.tests.ecomersePageObjModel_DataProvider" name="submitOrder" time="21.703"/>
  <testcase classname="YaminiBarla.tests.ecomersePageObjModel_DataProvider" name="submitOrder" time="20.757"/>
</testsuite> <!-- YaminiBarla.tests.ecomersePageObjModel_DataProvider -->
