<?xml version="1.0" encoding="UTF-8"?>
<!-- Generated by org.testng.reporters.JUnitReportReporter -->
<testsuite hostname="AJSPC" failures="0" tests="1" name="cucumber.TestNgTestRunner" time="9.399" errors="0" timestamp="21 Aug 2024 23:08:35 GMT" skipped="0">
  <testcase classname="cucumber.TestNgTestRunner" name="runScenario" time="9.399"/>
</testsuite> <!-- cucumber.TestNgTestRunner -->
